#
# There is insufficient memory for the Java Runtime Environment to continue.
# Native memory allocation (malloc) failed to allocate 178256 bytes for Chunk::new
# Possible reasons:
#   The system is out of physical RAM or swap space
#   The process is running with CompressedOops enabled, and the Java Heap may be blocking the growth of the native heap
# Possible solutions:
#   Reduce memory load on the system
#   Increase physical memory or swap space
#   Check if swap backing store is full
#   Decrease Java heap size (-Xmx/-Xms)
#   Decrease number of Java threads
#   Decrease Java thread stack sizes (-Xss)
#   Set larger code cache with -XX:ReservedCodeCacheSize=
#   JVM is running with Unscaled Compressed Oops mode in which the Java heap is
#     placed in the first 4GB address space. The Java Heap base address is the
#     maximum limit for the native heap growth. Please use -XX:HeapBaseMinAddress
#     to set the Java Heap base and to place the Java Heap above 4GB virtual address.
# This output file may be truncated or incomplete.
#
#  Out of Memory Error (./open/src/hotspot/share/memory/arena.cpp:195), pid=14772, tid=17292
#
# JRE version: Java(TM) SE Runtime Environment (14.0.1+7) (build 14.0.1+7)
# Java VM: Java HotSpot(TM) 64-Bit Server VM (14.0.1+7, mixed mode, sharing, tiered, compressed oops, g1 gc, windows-amd64)
# No core dump will be written. Minidumps are not enabled by default on client versions of Windows
#

---------------  S U M M A R Y ------------

Command Line: -javaagent:D:\IntelliJ IDEA 2020.1.2\lib\idea_rt.jar=54848:D:\IntelliJ IDEA 2020.1.2\bin -Dfile.encoding=UTF-8 cn.itcast.Servlet.AccountServlet

Host: Intel(R) Core(TM) i7-7700HQ CPU @ 2.80GHz, 8 cores, 7G,  Windows 10 , 64 bit Build 18362 (10.0.18362.778)
Time: Fri Oct 30 21:56:38 2020 ?D1¨²¡À¨º¡Á?¨º¡À?? elapsed time: 0 seconds (0d 0h 0m 0s)

---------------  T H R E A D  ---------------

Current thread (0x000001b2d37dc800):  JavaThread "C2 CompilerThread1" daemon [_thread_in_native, id=17292, stack(0x000000151e100000,0x000000151e200000)]


Current CompileTask:
C2:    609 1133   !   4       java.util.concurrent.ConcurrentHashMap::putVal (432 bytes)

Stack: [0x000000151e100000,0x000000151e200000]
Native frames: (J=compiled Java code, j=interpreted, Vv=VM code, C=native code)
V  [jvm.dll+0x5f840a]
V  [jvm.dll+0x741e4a]
V  [jvm.dll+0x7435ff]
V  [jvm.dll+0x743c43]
V  [jvm.dll+0x20d288]
V  [jvm.dll+0xabb07]
V  [jvm.dll+0xac1fc]
V  [jvm.dll+0x31c468]
V  [jvm.dll+0x18ce00]
V  [jvm.dll+0x1e5efa]
V  [jvm.dll+0x1e50b8]
V  [jvm.dll+0x1779cc]
V  [jvm.dll+0x1f4105]
V  [jvm.dll+0x1f22eb]
V  [jvm.dll+0x706a9d]
V  [jvm.dll+0x6ff8ba]
V  [jvm.dll+0x5f72c6]
C  [ucrtbase.dll+0x20e82]
C  [KERNEL32.DLL+0x17bd4]
C  [ntdll.dll+0x6ce51]


---------------  P R O C E S S  ---------------

Threads class SMR info:
_java_thread_list=0x000001b2d4092950, length=13, elements={
0x000001b2d2dda000, 0x000001b2d2ddc000, 0x000001b2d2df8000, 0x000001b2d2dfc000,
0x000001b2d2dfd800, 0x000001b2d2e03000, 0x000001b2d2e09800, 0x000001b2d2e1e800,
0x000001b2d3785000, 0x000001b2d37dc800, 0x000001b2d392c800, 0x000001b2d392d000,
0x000001b2b3d32000
}

Java Threads: ( => current thread )
  0x000001b2d2dda000 JavaThread "Reference Handler" daemon [_thread_blocked, id=16684, stack(0x000000151d800000,0x000000151d900000)]
  0x000001b2d2ddc000 JavaThread "Finalizer" daemon [_thread_blocked, id=5440, stack(0x000000151d900000,0x000000151da00000)]
  0x000001b2d2df8000 JavaThread "Signal Dispatcher" daemon [_thread_blocked, id=17000, stack(0x000000151da00000,0x000000151db00000)]
  0x000001b2d2dfc000 JavaThread "Attach Listener" daemon [_thread_blocked, id=11860, stack(0x000000151db00000,0x000000151dc00000)]
  0x000001b2d2dfd800 JavaThread "Service Thread" daemon [_thread_blocked, id=3960, stack(0x000000151dc00000,0x000000151dd00000)]
  0x000001b2d2e03000 JavaThread "C2 CompilerThread0" daemon [_thread_blocked, id=15624, stack(0x000000151dd00000,0x000000151de00000)]
  0x000001b2d2e09800 JavaThread "C1 CompilerThread0" daemon [_thread_blocked, id=11404, stack(0x000000151de00000,0x000000151df00000)]
  0x000001b2d2e1e800 JavaThread "Sweeper thread" daemon [_thread_blocked, id=12808, stack(0x000000151df00000,0x000000151e000000)]
  0x000001b2d3785000 JavaThread "Common-Cleaner" daemon [_thread_blocked, id=10864, stack(0x000000151e000000,0x000000151e100000)]
=>0x000001b2d37dc800 JavaThread "C2 CompilerThread1" daemon [_thread_in_native, id=17292, stack(0x000000151e100000,0x000000151e200000)]
  0x000001b2d392c800 JavaThread "Monitor Ctrl-Break" daemon [_thread_in_native, id=3424, stack(0x000000151e200000,0x000000151e300000)]
  0x000001b2d392d000 JavaThread "Notification Thread" daemon [_thread_blocked, id=7740, stack(0x000000151e300000,0x000000151e400000)]
  0x000001b2b3d32000 JavaThread "DestroyJavaVM" [_thread_blocked, id=12552, stack(0x000000151d100000,0x000000151d200000)]

Other Threads:
  0x000001b2d2dd9000 VMThread "VM Thread" [stack: 0x000000151d700000,0x000000151d800000] [id=16512]
  0x000001b2d3930000 WatcherThread [stack: 0x000000151e400000,0x000000151e500000] [id=2812]
  0x000001b2b3d76000 GCTaskThread "GC Thread#0" [stack: 0x000000151d200000,0x000000151d300000] [id=3028]
  0x000001b2b3d87000 ConcurrentGCThread "G1 Main Marker" [stack: 0x000000151d300000,0x000000151d400000] [id=8316]
  0x000001b2b3d89000 ConcurrentGCThread "G1 Conc#0" [stack: 0x000000151d400000,0x000000151d500000] [id=16516]
  0x000001b2d2c48800 ConcurrentGCThread "G1 Refine#0" [stack: 0x000000151d500000,0x000000151d600000] [id=2432]
  0x000001b2d2c4a000 ConcurrentGCThread "G1 Young RemSet Sampling" [stack: 0x000000151d600000,0x000000151d700000] [id=10096]

Threads with active compile tasks:
C2 CompilerThread1      636 1133   !   4       java.util.concurrent.ConcurrentHashMap::putVal (432 bytes)

VM state:not at safepoint (normal execution)

VM Mutex/Monitor currently owned by a thread: None

Heap address: 0x0000000080e00000, size: 2034 MB, Compressed Oops mode: 32-bit
Narrow klass base: 0x0000000800000000, Narrow klass shift: 3
Compressed class space size: 1073741824 Address: 0x0000000800b30000

Heap:
 garbage-first heap   total 131072K, used 18432K [0x0000000080e00000, 0x0000000100000000)
  region size 1024K, 20 young (20480K), 0 survivors (0K)
 Metaspace       used 9149K, capacity 9499K, committed 9728K, reserved 1058816K
  class space    used 1052K, capacity 1175K, committed 1280K, reserved 1048576K
Heap Regions: E=young(eden), S=young(survivor), O=old, HS=humongous(starts), HC=humongous(continues), CS=collection set, F=free, OA=open archive, CA=closed archive, TAMS=top-at-mark-start (previous, next)
|   0|0x0000000080e00000, 0x0000000080e00000, 0x0000000080f00000|  0%| F|  |TAMS 0x0000000080e00000, 0x0000000080e00000| Untracked 
|   1|0x0000000080f00000, 0x0000000080f00000, 0x0000000081000000|  0%| F|  |TAMS 0x0000000080f00000, 0x0000000080f00000| Untracked 
|   2|0x0000000081000000, 0x0000000081000000, 0x0000000081100000|  0%| F|  |TAMS 0x0000000081000000, 0x0000000081000000| Untracked 
|   3|0x0000000081100000, 0x0000000081100000, 0x0000000081200000|  0%| F|  |TAMS 0x0000000081100000, 0x0000000081100000| Untracked 
|   4|0x0000000081200000, 0x0000000081200000, 0x0000000081300000|  0%| F|  |TAMS 0x0000000081200000, 0x0000000081200000| Untracked 
|   5|0x0000000081300000, 0x0000000081300000, 0x0000000081400000|  0%| F|  |TAMS 0x0000000081300000, 0x0000000081300000| Untracked 
|   6|0x0000000081400000, 0x0000000081400000, 0x0000000081500000|  0%| F|  |TAMS 0x0000000081400000, 0x0000000081400000| Untracked 
|   7|0x0000000081500000, 0x0000000081500000, 0x0000000081600000|  0%| F|  |TAMS 0x0000000081500000, 0x0000000081500000| Untracked 
|   8|0x0000000081600000, 0x0000000081600000, 0x0000000081700000|  0%| F|  |TAMS 0x0000000081600000, 0x0000000081600000| Untracked 
|   9|0x0000000081700000, 0x0000000081700000, 0x0000000081800000|  0%| F|  |TAMS 0x0000000081700000, 0x0000000081700000| Untracked 
|  10|0x0000000081800000, 0x0000000081800000, 0x0000000081900000|  0%| F|  |TAMS 0x0000000081800000, 0x0000000081800000| Untracked 
|  11|0x0000000081900000, 0x0000000081900000, 0x0000000081a00000|  0%| F|  |TAMS 0x0000000081900000, 0x0000000081900000| Untracked 
|  12|0x0000000081a00000, 0x0000000081a00000, 0x0000000081b00000|  0%| F|  |TAMS 0x0000000081a00000, 0x0000000081a00000| Untracked 
|  13|0x0000000081b00000, 0x0000000081b00000, 0x0000000081c00000|  0%| F|  |TAMS 0x0000000081b00000, 0x0000000081b00000| Untracked 
|  14|0x0000000081c00000, 0x0000000081c00000, 0x0000000081d00000|  0%| F|  |TAMS 0x0000000081c00000, 0x0000000081c00000| Untracked 
|  15|0x0000000081d00000, 0x0000000081d00000, 0x0000000081e00000|  0%| F|  |TAMS 0x0000000081d00000, 0x0000000081d00000| Untracked 
|  16|0x0000000081e00000, 0x0000000081e00000, 0x0000000081f00000|  0%| F|  |TAMS 0x0000000081e00000, 0x0000000081e00000| Untracked 
|  17|0x0000000081f00000, 0x0000000081f00000, 0x0000000082000000|  0%| F|  |TAMS 0x0000000081f00000, 0x0000000081f00000| Untracked 
|  18|0x0000000082000000, 0x0000000082000000, 0x0000000082100000|  0%| F|  |TAMS 0x0000000082000000, 0x0000000082000000| Untracked 
|  19|0x0000000082100000, 0x0000000082100000, 0x0000000082200000|  0%| F|  |TAMS 0x0000000082100000, 0x0000000082100000| Untracked 
|  20|0x0000000082200000, 0x0000000082200000, 0x0000000082300000|  0%| F|  |TAMS 0x0000000082200000, 0x0000000082200000| Untracked 
|  21|0x0000000082300000, 0x0000000082300000, 0x0000000082400000|  0%| F|  |TAMS 0x0000000082300000, 0x0000000082300000| Untracked 
|  22|0x0000000082400000, 0x0000000082400000, 0x0000000082500000|  0%| F|  |TAMS 0x0000000082400000, 0x0000000082400000| Untracked 
|  23|0x0000000082500000, 0x0000000082500000, 0x0000000082600000|  0%| F|  |TAMS 0x0000000082500000, 0x0000000082500000| Untracked 
|  24|0x0000000082600000, 0x0000000082600000, 0x0000000082700000|  0%| F|  |TAMS 0x0000000082600000, 0x0000000082600000| Untracked 
|  25|0x0000000082700000, 0x0000000082700000, 0x0000000082800000|  0%| F|  |TAMS 0x0000000082700000, 0x0000000082700000| Untracked 
|  26|0x0000000082800000, 0x0000000082800000, 0x0000000082900000|  0%| F|  |TAMS 0x0000000082800000, 0x0000000082800000| Untracked 
|  27|0x0000000082900000, 0x0000000082900000, 0x0000000082a00000|  0%| F|  |TAMS 0x0000000082900000, 0x0000000082900000| Untracked 
|  28|0x0000000082a00000, 0x0000000082a00000, 0x0000000082b00000|  0%| F|  |TAMS 0x0000000082a00000, 0x0000000082a00000| Untracked 
|  29|0x0000000082b00000, 0x0000000082b00000, 0x0000000082c00000|  0%| F|  |TAMS 0x0000000082b00000, 0x0000000082b00000| Untracked 
|  30|0x0000000082c00000, 0x0000000082c00000, 0x0000000082d00000|  0%| F|  |TAMS 0x0000000082c00000, 0x0000000082c00000| Untracked 
|  31|0x0000000082d00000, 0x0000000082d00000, 0x0000000082e00000|  0%| F|  |TAMS 0x0000000082d00000, 0x0000000082d00000| Untracked 
|  32|0x0000000082e00000, 0x0000000082e00000, 0x0000000082f00000|  0%| F|  |TAMS 0x0000000082e00000, 0x0000000082e00000| Untracked 
|  33|0x0000000082f00000, 0x0000000082f00000, 0x0000000083000000|  0%| F|  |TAMS 0x0000000082f00000, 0x0000000082f00000| Untracked 
|  34|0x0000000083000000, 0x0000000083000000, 0x0000000083100000|  0%| F|  |TAMS 0x0000000083000000, 0x0000000083000000| Untracked 
|  35|0x0000000083100000, 0x0000000083100000, 0x0000000083200000|  0%| F|  |TAMS 0x0000000083100000, 0x0000000083100000| Untracked 
|  36|0x0000000083200000, 0x0000000083200000, 0x0000000083300000|  0%| F|  |TAMS 0x0000000083200000, 0x0000000083200000| Untracked 
|  37|0x0000000083300000, 0x0000000083300000, 0x0000000083400000|  0%| F|  |TAMS 0x0000000083300000, 0x0000000083300000| Untracked 
|  38|0x0000000083400000, 0x0000000083400000, 0x0000000083500000|  0%| F|  |TAMS 0x0000000083400000, 0x0000000083400000| Untracked 
|  39|0x0000000083500000, 0x0000000083500000, 0x0000000083600000|  0%| F|  |TAMS 0x0000000083500000, 0x0000000083500000| Untracked 
|  40|0x0000000083600000, 0x0000000083600000, 0x0000000083700000|  0%| F|  |TAMS 0x0000000083600000, 0x0000000083600000| Untracked 
|  41|0x0000000083700000, 0x0000000083700000, 0x0000000083800000|  0%| F|  |TAMS 0x0000000083700000, 0x0000000083700000| Untracked 
|  42|0x0000000083800000, 0x0000000083800000, 0x0000000083900000|  0%| F|  |TAMS 0x0000000083800000, 0x0000000083800000| Untracked 
|  43|0x0000000083900000, 0x0000000083900000, 0x0000000083a00000|  0%| F|  |TAMS 0x0000000083900000, 0x0000000083900000| Untracked 
|  44|0x0000000083a00000, 0x0000000083a00000, 0x0000000083b00000|  0%| F|  |TAMS 0x0000000083a00000, 0x0000000083a00000| Untracked 
|  45|0x0000000083b00000, 0x0000000083b00000, 0x0000000083c00000|  0%| F|  |TAMS 0x0000000083b00000, 0x0000000083b00000| Untracked 
|  46|0x0000000083c00000, 0x0000000083c00000, 0x0000000083d00000|  0%| F|  |TAMS 0x0000000083c00000, 0x0000000083c00000| Untracked 
|  47|0x0000000083d00000, 0x0000000083d00000, 0x0000000083e00000|  0%| F|  |TAMS 0x0000000083d00000, 0x0000000083d00000| Untracked 
|  48|0x0000000083e00000, 0x0000000083e00000, 0x0000000083f00000|  0%| F|  |TAMS 0x0000000083e00000, 0x0000000083e00000| Untracked 
|  49|0x0000000083f00000, 0x0000000083f00000, 0x0000000084000000|  0%| F|  |TAMS 0x0000000083f00000, 0x0000000083f00000| Untracked 
|  50|0x0000000084000000, 0x0000000084000000, 0x0000000084100000|  0%| F|  |TAMS 0x0000000084000000, 0x0000000084000000| Untracked 
|  51|0x0000000084100000, 0x0000000084100000, 0x0000000084200000|  0%| F|  |TAMS 0x0000000084100000, 0x0000000084100000| Untracked 
|  52|0x0000000084200000, 0x0000000084200000, 0x0000000084300000|  0%| F|  |TAMS 0x0000000084200000, 0x0000000084200000| Untracked 
|  53|0x0000000084300000, 0x0000000084300000, 0x0000000084400000|  0%| F|  |TAMS 0x0000000084300000, 0x0000000084300000| Untracked 
|  54|0x0000000084400000, 0x0000000084400000, 0x0000000084500000|  0%| F|  |TAMS 0x0000000084400000, 0x0000000084400000| Untracked 
|  55|0x0000000084500000, 0x0000000084500000, 0x0000000084600000|  0%| F|  |TAMS 0x0000000084500000, 0x0000000084500000| Untracked 
|  56|0x0000000084600000, 0x0000000084600000, 0x0000000084700000|  0%| F|  |TAMS 0x0000000084600000, 0x0000000084600000| Untracked 
|  57|0x0000000084700000, 0x0000000084700000, 0x0000000084800000|  0%| F|  |TAMS 0x0000000084700000, 0x0000000084700000| Untracked 
|  58|0x0000000084800000, 0x0000000084800000, 0x0000000084900000|  0%| F|  |TAMS 0x0000000084800000, 0x0000000084800000| Untracked 
|  59|0x0000000084900000, 0x0000000084900000, 0x0000000084a00000|  0%| F|  |TAMS 0x0000000084900000, 0x0000000084900000| Untracked 
|  60|0x0000000084a00000, 0x0000000084a00000, 0x0000000084b00000|  0%| F|  |TAMS 0x0000000084a00000, 0x0000000084a00000| Untracked 
|  61|0x0000000084b00000, 0x0000000084b00000, 0x0000000084c00000|  0%| F|  |TAMS 0x0000000084b00000, 0x0000000084b00000| Untracked 
|  62|0x0000000084c00000, 0x0000000084c00000, 0x0000000084d00000|  0%| F|  |TAMS 0x0000000084c00000, 0x0000000084c00000| Untracked 
|  63|0x0000000084d00000, 0x0000000084d00000, 0x0000000084e00000|  0%| F|  |TAMS 0x0000000084d00000, 0x0000000084d00000| Untracked 
|  64|0x0000000084e00000, 0x0000000084e00000, 0x0000000084f00000|  0%| F|  |TAMS 0x0000000084e00000, 0x0000000084e00000| Untracked 
|  65|0x0000000084f00000, 0x0000000084f00000, 0x0000000085000000|  0%| F|  |TAMS 0x0000000084f00000, 0x0000000084f00000| Untracked 
|  66|0x0000000085000000, 0x0000000085000000, 0x0000000085100000|  0%| F|  |TAMS 0x0000000085000000, 0x0000000085000000| Untracked 
|  67|0x0000000085100000, 0x0000000085100000, 0x0000000085200000|  0%| F|  |TAMS 0x0000000085100000, 0x0000000085100000| Untracked 
|  68|0x0000000085200000, 0x0000000085200000, 0x0000000085300000|  0%| F|  |TAMS 0x0000000085200000, 0x0000000085200000| Untracked 
|  69|0x0000000085300000, 0x0000000085300000, 0x0000000085400000|  0%| F|  |TAMS 0x0000000085300000, 0x0000000085300000| Untracked 
|  70|0x0000000085400000, 0x0000000085400000, 0x0000000085500000|  0%| F|  |TAMS 0x0000000085400000, 0x0000000085400000| Untracked 
|  71|0x0000000085500000, 0x0000000085500000, 0x0000000085600000|  0%| F|  |TAMS 0x0000000085500000, 0x0000000085500000| Untracked 
|  72|0x0000000085600000, 0x0000000085600000, 0x0000000085700000|  0%| F|  |TAMS 0x0000000085600000, 0x0000000085600000| Untracked 
|  73|0x0000000085700000, 0x0000000085700000, 0x0000000085800000|  0%| F|  |TAMS 0x0000000085700000, 0x0000000085700000| Untracked 
|  74|0x0000000085800000, 0x0000000085800000, 0x0000000085900000|  0%| F|  |TAMS 0x0000000085800000, 0x0000000085800000| Untracked 
|  75|0x0000000085900000, 0x0000000085900000, 0x0000000085a00000|  0%| F|  |TAMS 0x0000000085900000, 0x0000000085900000| Untracked 
|  76|0x0000000085a00000, 0x0000000085a00000, 0x0000000085b00000|  0%| F|  |TAMS 0x0000000085a00000, 0x0000000085a00000| Untracked 
|  77|0x0000000085b00000, 0x0000000085b00000, 0x0000000085c00000|  0%| F|  |TAMS 0x0000000085b00000, 0x0000000085b00000| Untracked 
|  78|0x0000000085c00000, 0x0000000085c00000, 0x0000000085d00000|  0%| F|  |TAMS 0x0000000085c00000, 0x0000000085c00000| Untracked 
|  79|0x0000000085d00000, 0x0000000085d00000, 0x0000000085e00000|  0%| F|  |TAMS 0x0000000085d00000, 0x0000000085d00000| Untracked 
|  80|0x0000000085e00000, 0x0000000085e00000, 0x0000000085f00000|  0%| F|  |TAMS 0x0000000085e00000, 0x0000000085e00000| Untracked 
|  81|0x0000000085f00000, 0x0000000085f00000, 0x0000000086000000|  0%| F|  |TAMS 0x0000000085f00000, 0x0000000085f00000| Untracked 
|  82|0x0000000086000000, 0x0000000086000000, 0x0000000086100000|  0%| F|  |TAMS 0x0000000086000000, 0x0000000086000000| Untracked 
|  83|0x0000000086100000, 0x0000000086100000, 0x0000000086200000|  0%| F|  |TAMS 0x0000000086100000, 0x0000000086100000| Untracked 
|  84|0x0000000086200000, 0x0000000086200000, 0x0000000086300000|  0%| F|  |TAMS 0x0000000086200000, 0x0000000086200000| Untracked 
|  85|0x0000000086300000, 0x0000000086300000, 0x0000000086400000|  0%| F|  |TAMS 0x0000000086300000, 0x0000000086300000| Untracked 
|  86|0x0000000086400000, 0x0000000086400000, 0x0000000086500000|  0%| F|  |TAMS 0x0000000086400000, 0x0000000086400000| Untracked 
|  87|0x0000000086500000, 0x0000000086500000, 0x0000000086600000|  0%| F|  |TAMS 0x0000000086500000, 0x0000000086500000| Untracked 
|  88|0x0000000086600000, 0x0000000086600000, 0x0000000086700000|  0%| F|  |TAMS 0x0000000086600000, 0x0000000086600000| Untracked 
|  89|0x0000000086700000, 0x0000000086700000, 0x0000000086800000|  0%| F|  |TAMS 0x0000000086700000, 0x0000000086700000| Untracked 
|  90|0x0000000086800000, 0x0000000086800000, 0x0000000086900000|  0%| F|  |TAMS 0x0000000086800000, 0x0000000086800000| Untracked 
|  91|0x0000000086900000, 0x0000000086900000, 0x0000000086a00000|  0%| F|  |TAMS 0x0000000086900000, 0x0000000086900000| Untracked 
|  92|0x0000000086a00000, 0x0000000086a00000, 0x0000000086b00000|  0%| F|  |TAMS 0x0000000086a00000, 0x0000000086a00000| Untracked 
|  93|0x0000000086b00000, 0x0000000086b00000, 0x0000000086c00000|  0%| F|  |TAMS 0x0000000086b00000, 0x0000000086b00000| Untracked 
|  94|0x0000000086c00000, 0x0000000086c00000, 0x0000000086d00000|  0%| F|  |TAMS 0x0000000086c00000, 0x0000000086c00000| Untracked 
|  95|0x0000000086d00000, 0x0000000086d00000, 0x0000000086e00000|  0%| F|  |TAMS 0x0000000086d00000, 0x0000000086d00000| Untracked 
|  96|0x0000000086e00000, 0x0000000086e00000, 0x0000000086f00000|  0%| F|  |TAMS 0x0000000086e00000, 0x0000000086e00000| Untracked 
|  97|0x0000000086f00000, 0x0000000086f00000, 0x0000000087000000|  0%| F|  |TAMS 0x0000000086f00000, 0x0000000086f00000| Untracked 
|  98|0x0000000087000000, 0x0000000087000000, 0x0000000087100000|  0%| F|  |TAMS 0x0000000087000000, 0x0000000087000000| Untracked 
|  99|0x0000000087100000, 0x0000000087100000, 0x0000000087200000|  0%| F|  |TAMS 0x0000000087100000, 0x0000000087100000| Untracked 
| 100|0x0000000087200000, 0x0000000087200000, 0x0000000087300000|  0%| F|  |TAMS 0x0000000087200000, 0x0000000087200000| Untracked 
| 101|0x0000000087300000, 0x0000000087300000, 0x0000000087400000|  0%| F|  |TAMS 0x0000000087300000, 0x0000000087300000| Untracked 
| 102|0x0000000087400000, 0x0000000087400000, 0x0000000087500000|  0%| F|  |TAMS 0x0000000087400000, 0x0000000087400000| Untracked 
| 103|0x0000000087500000, 0x0000000087500000, 0x0000000087600000|  0%| F|  |TAMS 0x0000000087500000, 0x0000000087500000| Untracked 
| 104|0x0000000087600000, 0x0000000087600000, 0x0000000087700000|  0%| F|  |TAMS 0x0000000087600000, 0x0000000087600000| Untracked 
| 105|0x0000000087700000, 0x0000000087700000, 0x0000000087800000|  0%| F|  |TAMS 0x0000000087700000, 0x0000000087700000| Untracked 
| 106|0x0000000087800000, 0x0000000087800000, 0x0000000087900000|  0%| F|  |TAMS 0x0000000087800000, 0x0000000087800000| Untracked 
| 107|0x0000000087900000, 0x0000000087900000, 0x0000000087a00000|  0%| F|  |TAMS 0x0000000087900000, 0x0000000087900000| Untracked 
| 108|0x0000000087a00000, 0x0000000087a00800, 0x0000000087b00000|  0%| E|  |TAMS 0x0000000087a00000, 0x0000000087a00000| Complete 
| 109|0x0000000087b00000, 0x0000000087c00000, 0x0000000087c00000|100%| E|CS|TAMS 0x0000000087b00000, 0x0000000087b00000| Complete 
| 110|0x0000000087c00000, 0x0000000087d00000, 0x0000000087d00000|100%| E|CS|TAMS 0x0000000087c00000, 0x0000000087c00000| Complete 
| 111|0x0000000087d00000, 0x0000000087e00000, 0x0000000087e00000|100%| E|  |TAMS 0x0000000087d00000, 0x0000000087d00000| Complete 
| 112|0x0000000087e00000, 0x0000000087f00000, 0x0000000087f00000|100%| E|CS|TAMS 0x0000000087e00000, 0x0000000087e00000| Complete 
| 113|0x0000000087f00000, 0x0000000088000000, 0x0000000088000000|100%| E|CS|TAMS 0x0000000087f00000, 0x0000000087f00000| Complete 
| 114|0x0000000088000000, 0x0000000088100000, 0x0000000088100000|100%| E|CS|TAMS 0x0000000088000000, 0x0000000088000000| Complete 
| 115|0x0000000088100000, 0x0000000088200000, 0x0000000088200000|100%| E|CS|TAMS 0x0000000088100000, 0x0000000088100000| Complete 
| 116|0x0000000088200000, 0x0000000088300000, 0x0000000088300000|100%| E|CS|TAMS 0x0000000088200000, 0x0000000088200000| Complete 
| 117|0x0000000088300000, 0x0000000088400000, 0x0000000088400000|100%| E|CS|TAMS 0x0000000088300000, 0x0000000088300000| Complete 
| 118|0x0000000088400000, 0x0000000088500000, 0x0000000088500000|100%| E|CS|TAMS 0x0000000088400000, 0x0000000088400000| Complete 
| 119|0x0000000088500000, 0x0000000088600000, 0x0000000088600000|100%| E|CS|TAMS 0x0000000088500000, 0x0000000088500000| Complete 
| 120|0x0000000088600000, 0x0000000088700000, 0x0000000088700000|100%| E|CS|TAMS 0x0000000088600000, 0x0000000088600000| Complete 
| 121|0x0000000088700000, 0x0000000088800000, 0x0000000088800000|100%| E|CS|TAMS 0x0000000088700000, 0x0000000088700000| Complete 
| 122|0x0000000088800000, 0x0000000088900000, 0x0000000088900000|100%| E|CS|TAMS 0x0000000088800000, 0x0000000088800000| Complete 
| 123|0x0000000088900000, 0x0000000088a00000, 0x0000000088a00000|100%| E|CS|TAMS 0x0000000088900000, 0x0000000088900000| Complete 
| 124|0x0000000088a00000, 0x0000000088b00000, 0x0000000088b00000|100%| E|CS|TAMS 0x0000000088a00000, 0x0000000088a00000| Complete 
| 125|0x0000000088b00000, 0x0000000088c00000, 0x0000000088c00000|100%| E|CS|TAMS 0x0000000088b00000, 0x0000000088b00000| Complete 
| 126|0x0000000088c00000, 0x0000000088d00000, 0x0000000088d00000|100%| E|CS|TAMS 0x0000000088c00000, 0x0000000088c00000| Complete 
| 127|0x0000000088d00000, 0x0000000088e00000, 0x0000000088e00000|100%| E|CS|TAMS 0x0000000088d00000, 0x0000000088d00000| Complete 

Card table byte_map: [0x000001b2cbc00000,0x000001b2cc000000] _byte_map_base: 0x000001b2cb7f9000

Marking Bits (Prev, Next): (CMBitMap*) 0x000001b2b3d76838, (CMBitMap*) 0x000001b2b3d76878
 Prev Bits: [0x000001b2cc400000, 0x000001b2ce3c8000)
 Next Bits: [0x000001b2ce3d0000, 0x000001b2d0398000)

Polling page: 0x000001b2b3500000

Metaspace:

Usage:
  Non-class:      8.13 MB capacity,     7.91 MB ( 97%) used,   203.81 KB (  2%) free+waste,    22.44 KB ( <1%) overhead. 
      Class:      1.15 MB capacity,     1.03 MB ( 90%) used,   110.77 KB (  9%) free+waste,    12.13 KB (  1%) overhead. 
       Both:      9.28 MB capacity,     8.94 MB ( 96%) used,   314.59 KB (  3%) free+waste,    34.56 KB ( <1%) overhead. 

Virtual space:
  Non-class space:       10.00 MB reserved,       8.25 MB ( 83%) committed 
      Class space:        1.00 GB reserved,       1.25 MB ( <1%) committed 
             Both:        1.01 GB reserved,       9.50 MB ( <1%) committed 

Chunk freelists:
   Non-Class:  0 bytes
       Class:  9.00 KB
        Both:  9.00 KB

MaxMetaspaceSize: 17179869184.00 GB
CompressedClassSpaceSize: 1.00 GB

CodeHeap 'non-profiled nmethods': size=120000Kb used=364Kb max_used=364Kb free=119635Kb
 bounds [0x000001b2c3fa0000, 0x000001b2c4210000, 0x000001b2cb4d0000]
CodeHeap 'profiled nmethods': size=120000Kb used=2300Kb max_used=2300Kb free=117699Kb
 bounds [0x000001b2bca70000, 0x000001b2bcce0000, 0x000001b2c3fa0000]
CodeHeap 'non-nmethods': size=5760Kb used=1186Kb max_used=1204Kb free=4573Kb
 bounds [0x000001b2bc4d0000, 0x000001b2bc740000, 0x000001b2bca70000]
 total_blobs=2120 nmethods=1157 adapters=360
 compilation: enabled
              stopped_count=0, restarted_count=0
 full_count=0

Compilation events (20 events):
Event: 0.584 Thread 0x000001b2d2e09800 1138       3       java.util.StringTokenizer::nextToken (92 bytes)
Event: 0.585 Thread 0x000001b2d2e09800 nmethod 1138 0x000001b2bcc9d010 code [0x000001b2bcc9d1e0, 0x000001b2bcc9d578]
Event: 0.588 Thread 0x000001b2d2e09800 1141       3       java.lang.invoke.LambdaFormEditor$Transform::inRange (36 bytes)
Event: 0.588 Thread 0x000001b2d2e09800 nmethod 1141 0x000001b2bcc9d710 code [0x000001b2bcc9d8a0, 0x000001b2bcc9d9f8]
Event: 0.588 Thread 0x000001b2d2e09800 1142       3       java.lang.invoke.DirectMethodHandle::maybeCompile (24 bytes)
Event: 0.589 Thread 0x000001b2d2e09800 nmethod 1142 0x000001b2bcc9da90 code [0x000001b2bcc9dce0, 0x000001b2bcc9e498]
Event: 0.589 Thread 0x000001b2d2e09800 1143       3       java.lang.invoke.DirectMethodHandle::<init> (141 bytes)
Event: 0.590 Thread 0x000001b2d2e09800 nmethod 1143 0x000001b2bcc9e790 code [0x000001b2bcc9ea60, 0x000001b2bcc9fb48]
Event: 0.590 Thread 0x000001b2d2e09800 1144       1       java.util.Formatter$Flags::valueOf (5 bytes)
Event: 0.590 Thread 0x000001b2d2e09800 nmethod 1144 0x000001b2c3ff5e90 code [0x000001b2c3ff6020, 0x000001b2c3ff60f8]
Event: 0.590 Thread 0x000001b2d2e09800 1145       3       java.util.regex.Pattern$BmpCharProperty::match (55 bytes)
Event: 0.590 Thread 0x000001b2d2e09800 nmethod 1145 0x000001b2bcca0090 code [0x000001b2bcca0260, 0x000001b2bcca0728]
Event: 0.590 Thread 0x000001b2d2e09800 1146       3       java.lang.invoke.TypeConvertingMethodAdapter::cast (42 bytes)
Event: 0.590 Thread 0x000001b2d2e09800 nmethod 1146 0x000001b2bcca0890 code [0x000001b2bcca0a80, 0x000001b2bcca0f28]
Event: 0.591 Thread 0x000001b2d2e09800 1147       3       java.lang.invoke.DirectMethodHandle::make (263 bytes)
Event: 0.593 Thread 0x000001b2d2e09800 nmethod 1147 0x000001b2bcca1110 code [0x000001b2bcca14a0, 0x000001b2bcca2a68]
Event: 0.593 Thread 0x000001b2d2e09800 1148       3       java.lang.invoke.MemberName::isField (8 bytes)
Event: 0.593 Thread 0x000001b2d2e09800 nmethod 1148 0x000001b2bcca3310 code [0x000001b2bcca34c0, 0x000001b2bcca3718]
Event: 0.597 Thread 0x000001b2d2e03000 nmethod 1105 0x000001b2c3ff6490 code [0x000001b2c3ff6720, 0x000001b2c3ff7910]
Event: 0.598 Thread 0x000001b2d2e03000 1150       4       java.util.zip.ZipFile$Source::getEntryPos (208 bytes)

GC Heap History (0 events):
No events

Deoptimization events (20 events):
Event: 0.490 Thread 0x000001b2b3d32000 DEOPT PACKING pc=0x000001b2bcac3f90 sp=0x000000151d1f9f30
Event: 0.490 Thread 0x000001b2b3d32000 DEOPT UNPACKING pc=0x000001b2bc51964e sp=0x000000151d1f9448 mode 0
Event: 0.493 Thread 0x000001b2b3d32000 DEOPT PACKING pc=0x000001b2bcad82d3 sp=0x000000151d1fdc90
Event: 0.493 Thread 0x000001b2b3d32000 DEOPT UNPACKING pc=0x000001b2bc51964e sp=0x000000151d1fd0d0 mode 0
Event: 0.504 Thread 0x000001b2b3d32000 DEOPT PACKING pc=0x000001b2bcc19ccd sp=0x000000151d1f9e60
Event: 0.504 Thread 0x000001b2b3d32000 DEOPT UNPACKING pc=0x000001b2bc51964e sp=0x000000151d1f9270 mode 0
Event: 0.535 Thread 0x000001b2b3d32000 DEOPT PACKING pc=0x000001b2bcaefd2e sp=0x000000151d1fe1a0
Event: 0.535 Thread 0x000001b2b3d32000 DEOPT UNPACKING pc=0x000001b2bc51964e sp=0x000000151d1fd620 mode 0
Event: 0.572 Thread 0x000001b2b3d32000 Uncommon trap: trap_request=0xffffffc6 fr.pc=0x000001b2c3fe8718 relative=0x0000000000000618
Event: 0.572 Thread 0x000001b2b3d32000 Uncommon trap: reason=bimorphic_or_optimized_type_check action=maybe_recompile pc=0x000001b2c3fe8718 method=java.util.concurrent.ConcurrentHashMap.get(Ljava/lang/Object;)Ljava/lang/Object; @ 149 c2
Event: 0.572 Thread 0x000001b2b3d32000 DEOPT PACKING pc=0x000001b2c3fe8718 sp=0x000000151d1fe8d0
Event: 0.572 Thread 0x000001b2b3d32000 DEOPT UNPACKING pc=0x000001b2bc51912f sp=0x000000151d1fe860 mode 2
Event: 0.572 Thread 0x000001b2b3d32000 Uncommon trap: trap_request=0xffffffc6 fr.pc=0x000001b2c3fe8718 relative=0x0000000000000618
Event: 0.572 Thread 0x000001b2b3d32000 Uncommon trap: reason=bimorphic_or_optimized_type_check action=maybe_recompile pc=0x000001b2c3fe8718 method=java.util.concurrent.ConcurrentHashMap.get(Ljava/lang/Object;)Ljava/lang/Object; @ 149 c2
Event: 0.572 Thread 0x000001b2b3d32000 DEOPT PACKING pc=0x000001b2c3fe8718 sp=0x000000151d1fe8d0
Event: 0.572 Thread 0x000001b2b3d32000 DEOPT UNPACKING pc=0x000001b2bc51912f sp=0x000000151d1fe860 mode 2
Event: 0.572 Thread 0x000001b2b3d32000 Uncommon trap: trap_request=0xffffffc6 fr.pc=0x000001b2c3fe8718 relative=0x0000000000000618
Event: 0.572 Thread 0x000001b2b3d32000 Uncommon trap: reason=bimorphic_or_optimized_type_check action=maybe_recompile pc=0x000001b2c3fe8718 method=java.util.concurrent.ConcurrentHashMap.get(Ljava/lang/Object;)Ljava/lang/Object; @ 149 c2
Event: 0.572 Thread 0x000001b2b3d32000 DEOPT PACKING pc=0x000001b2c3fe8718 sp=0x000000151d1fe8d0
Event: 0.572 Thread 0x000001b2b3d32000 DEOPT UNPACKING pc=0x000001b2bc51912f sp=0x000000151d1fe860 mode 2

Classes unloaded (0 events):
No events

Classes redefined (0 events):
No events

Internal exceptions (13 events):
Event: 0.163 Thread 0x000001b2b3d32000 Exception <a 'java/lang/NoSuchMethodError'{0x0000000088921888}: 'int java.lang.invoke.DirectMethodHandle$Holder.invokeSpecialIFC(java.lang.Object, java.lang.Object, int)'> (0x0000000088921888) 
thrown [./open/src/hotspot/share/interpreter/linkResolver.cpp, line 766]
Event: 0.176 Thread 0x000001b2b3d32000 Exception <a 'java/lang/NoSuchMethodError'{0x000000008898d210}: 'java.lang.Object java.lang.invoke.DirectMethodHandle$Holder.invokeVirtual(java.lang.Object, java.lang.Object, java.lang.Object)'> (0x000000008898d210) 
thrown [./open/src/hotspot/share/interpreter/linkResolver.cpp, line 766]
Event: 0.213 Thread 0x000001b2b3d32000 Exception <a 'java/lang/NoSuchMethodError'{0x000000008875e140}: 'int java.lang.invoke.DirectMethodHandle$Holder.invokeStaticInit(java.lang.Object, java.lang.Object)'> (0x000000008875e140) 
thrown [./open/src/hotspot/share/interpreter/linkResolver.cpp, line 766]
Event: 0.270 Thread 0x000001b2b3d32000 Exception <a 'java/lang/ClassNotFoundException'{0x0000000088678c80}: com/sun/org/apache/xerces/internal/impl/xpath/regex/spi/messageProvider> (0x0000000088678c80) 
thrown [./open/src/hotspot/share/classfile/systemDictionary.cpp, line 226]
Event: 0.408 Thread 0x000001b2b3d32000 Exception <a 'java/lang/NoSuchMethodError'{0x0000000088386a48}: 'java.lang.Object java.lang.invoke.Invokers$Holder.invokeExact_MT(java.lang.Object, java.lang.Object, java.lang.Object, java.lang.Object, java.lang.Object, java.lang.Object)'> (0x0000000088386a48) 
thrown [./open/src/hotspot/share/interpreter/linkResolver.cpp, line 766]
Event: 0.430 Thread 0x000001b2b3d32000 Exception <a 'java/lang/NoSuchMethodError'{0x000000008827ca08}: 'int java.lang.invoke.DirectMethodHandle$Holder.invokeInterface(java.lang.Object, java.lang.Object)'> (0x000000008827ca08) 
thrown [./open/src/hotspot/share/interpreter/linkResolver.cpp, line 766]
Event: 0.443 Thread 0x000001b2b3d32000 Exception <a 'java/lang/NoSuchMethodError'{0x000000008812f6d8}: 'int java.lang.invoke.DirectMethodHandle$Holder.invokeStaticInit(java.lang.Object, java.lang.Object, java.lang.Object)'> (0x000000008812f6d8) 
thrown [./open/src/hotspot/share/interpreter/linkResolver.cpp, line 766]
Event: 0.452 Thread 0x000001b2b3d32000 Exception <a 'java/lang/NoSuchMethodError'{0x0000000088176ab0}: 'void java.lang.invoke.DirectMethodHandle$Holder.invokeSpecial(java.lang.Object, java.lang.Object)'> (0x0000000088176ab0) 
thrown [./open/src/hotspot/share/interpreter/linkResolver.cpp, line 766]
Event: 0.487 Thread 0x000001b2b3d32000 Exception <a 'java/lang/NoSuchMethodError'{0x0000000087f06db0}: 'int java.lang.invoke.DirectMethodHandle$Holder.invokeSpecial(java.lang.Object, java.lang.Object, java.lang.Object, java.lang.Object)'> (0x0000000087f06db0) 
thrown [./open/src/hotspot/share/interpreter/linkResolver.cpp, line 766]
Event: 0.532 Thread 0x000001b2b3d32000 Exception <a 'java/lang/NoSuchMethodError'{0x0000000087d59350}: 'void java.lang.invoke.DirectMethodHandle$Holder.invokeSpecial(java.lang.Object, java.lang.Object, java.lang.Object, java.lang.Object, java.lang.Object)'> (0x0000000087d59350) 
thrown [./open/src/hotspot/share/interpreter/linkResolver.cpp, line 766]
Event: 0.533 Thread 0x000001b2b3d32000 Exception <a 'java/lang/NoSuchMethodError'{0x0000000087d627a8}: 'void java.lang.invoke.DirectMethodHandle$Holder.invokeSpecial(java.lang.Object, java.lang.Object, java.lang.Object, java.lang.Object)'> (0x0000000087d627a8) 
thrown [./open/src/hotspot/share/interpreter/linkResolver.cpp, line 766]
Event: 0.575 Thread 0x000001b2b3d32000 Exception <a 'java/lang/ClassNotFoundException'{0x0000000087b24d60}: sun/util/logging/resources/spi/loggingProvider> (0x0000000087b24d60) 
thrown [./open/src/hotspot/share/classfile/systemDictionary.cpp, line 226]
Event: 0.591 Thread 0x000001b2b3d32000 Exception <a 'java/lang/NoSuchMethodError'{0x0000000087b83380}: 'void java.lang.invoke.DirectMethodHandle$Holder.invokeInterface(java.lang.Object, java.lang.Object)'> (0x0000000087b83380) 
thrown [./open/src/hotspot/share/interpreter/linkResolver.cpp, line 766]

Events (20 events):
Event: 0.584 loading class sun/util/resources/LocaleData$CommonResourceBundleProvider
Event: 0.584 loading class sun/util/resources/LocaleData$LocaleDataResourceBundleProvider
Event: 0.584 loading class java/util/spi/ResourceBundleProvider
Event: 0.584 loading class java/util/spi/ResourceBundleProvider done
Event: 0.584 loading class sun/util/resources/LocaleData$LocaleDataResourceBundleProvider done
Event: 0.584 loading class sun/util/resources/LocaleData$CommonResourceBundleProvider done
Event: 0.585 loading class sun/util/resources/Bundles$2
Event: 0.585 loading class sun/util/resources/Bundles$2 done
Event: 0.593 loading class java/beans/IntrospectionException
Event: 0.593 loading class java/beans/IntrospectionException done
Event: 0.593 loading class java/beans/PropertyDescriptor
Event: 0.594 loading class java/beans/FeatureDescriptor
Event: 0.594 loading class java/beans/FeatureDescriptor done
Event: 0.594 loading class java/beans/PropertyDescriptor done
Event: 0.597 loading class java/util/stream/DistinctOps
Event: 0.597 loading class java/util/stream/DistinctOps done
Event: 0.597 loading class java/util/stream/DistinctOps$1
Event: 0.597 loading class java/util/stream/ReferencePipeline$StatefulOp
Event: 0.597 loading class java/util/stream/ReferencePipeline$StatefulOp done
Event: 0.597 loading class java/util/stream/DistinctOps$1 done


Dynamic libraries:
0x00007ff7bdcd0000 - 0x00007ff7bdcdf000 	C:\Program Files\Java\jdk-14.0.1\bin\java.exe
0x00007ffcb0840000 - 0x00007ffcb0a30000 	C:\WINDOWS\SYSTEM32\ntdll.dll
0x00007ffcaf990000 - 0x00007ffcafa42000 	C:\WINDOWS\System32\KERNEL32.DLL
0x00007ffcad8f0000 - 0x00007ffcadb94000 	C:\WINDOWS\System32\KERNELBASE.dll
0x00007ffcad7d0000 - 0x00007ffcad8ca000 	C:\WINDOWS\System32\ucrtbase.dll
0x00007ffcab2b0000 - 0x00007ffcab2c5000 	C:\Program Files\Java\jdk-14.0.1\bin\VCRUNTIME140.dll
0x00007ffcab2d0000 - 0x00007ffcab2e8000 	C:\Program Files\Java\jdk-14.0.1\bin\jli.dll
0x00007ffcb0750000 - 0x00007ffcb07f3000 	C:\WINDOWS\System32\ADVAPI32.dll
0x00007ffcafbd0000 - 0x00007ffcafc6e000 	C:\WINDOWS\System32\msvcrt.dll
0x00007ffcaed10000 - 0x00007ffcaeda7000 	C:\WINDOWS\System32\sechost.dll
0x00007ffcaf870000 - 0x00007ffcaf990000 	C:\WINDOWS\System32\RPCRT4.dll
0x00007ffcaf3d0000 - 0x00007ffcaf564000 	C:\WINDOWS\System32\USER32.dll
0x00007ffcae520000 - 0x00007ffcae541000 	C:\WINDOWS\System32\win32u.dll
0x00007ffcaeb00000 - 0x00007ffcaeb26000 	C:\WINDOWS\System32\GDI32.dll
0x00007ffcae750000 - 0x00007ffcae8e4000 	C:\WINDOWS\System32\gdi32full.dll
0x00007ffcadc50000 - 0x00007ffcadcee000 	C:\WINDOWS\System32\msvcp_win.dll
0x00007ffc9ba00000 - 0x00007ffc9bc84000 	C:\WINDOWS\WinSxS\amd64_microsoft.windows.common-controls_6595b64144ccf1df_6.0.18362.836_none_e6c4b943130f18ed\COMCTL32.dll
0x00007ffcafca0000 - 0x00007ffcaffd6000 	C:\WINDOWS\System32\combase.dll
0x00007ffcae6d0000 - 0x00007ffcae750000 	C:\WINDOWS\System32\bcryptPrimitives.dll
0x00007ffcad2f0000 - 0x00007ffcad2fa000 	C:\WINDOWS\SYSTEM32\VERSION.dll
0x00007ffcafc70000 - 0x00007ffcafc9e000 	C:\WINDOWS\System32\IMM32.DLL
0x00007ffc9d490000 - 0x00007ffc9d52b000 	C:\Program Files\Java\jdk-14.0.1\bin\msvcp140.dll
0x00007ffc7ca30000 - 0x00007ffc7d54e000 	C:\Program Files\Java\jdk-14.0.1\bin\server\jvm.dll
0x00007ffcaf860000 - 0x00007ffcaf868000 	C:\WINDOWS\System32\PSAPI.DLL
0x00007ffcaa190000 - 0x00007ffcaa199000 	C:\WINDOWS\SYSTEM32\WSOCK32.dll
0x00007ffcab040000 - 0x00007ffcab064000 	C:\WINDOWS\SYSTEM32\WINMM.dll
0x00007ffcafab0000 - 0x00007ffcafb1f000 	C:\WINDOWS\System32\WS2_32.dll
0x00007ffcaa950000 - 0x00007ffcaa97d000 	C:\WINDOWS\SYSTEM32\winmmbase.dll
0x00007ffcae4d0000 - 0x00007ffcae51a000 	C:\WINDOWS\System32\cfgmgr32.dll
0x00007ffcad710000 - 0x00007ffcad721000 	C:\WINDOWS\System32\kernel.appcore.dll
0x00007ffca60a0000 - 0x00007ffca60aa000 	C:\Program Files\Java\jdk-14.0.1\bin\jimage.dll
0x00007ffc97770000 - 0x00007ffc97964000 	C:\WINDOWS\SYSTEM32\DBGHELP.DLL
0x00007ffc97190000 - 0x00007ffc971ba000 	C:\WINDOWS\SYSTEM32\dbgcore.DLL
0x00007ffca01c0000 - 0x00007ffca01ce000 	C:\Program Files\Java\jdk-14.0.1\bin\instrument.dll
0x00007ffc9fef0000 - 0x00007ffc9ff15000 	C:\Program Files\Java\jdk-14.0.1\bin\java.dll
0x00007ffca5ac0000 - 0x00007ffca5ad6000 	C:\Program Files\Java\jdk-14.0.1\bin\zip.dll
0x00007ffcaffe0000 - 0x00007ffcb06c4000 	C:\WINDOWS\System32\SHELL32.dll
0x00007ffcaf710000 - 0x00007ffcaf7b9000 	C:\WINDOWS\System32\shcore.dll
0x00007ffcadcf0000 - 0x00007ffcae46e000 	C:\WINDOWS\System32\windows.storage.dll
0x00007ffcad7a0000 - 0x00007ffcad7c3000 	C:\WINDOWS\System32\profapi.dll
0x00007ffcad750000 - 0x00007ffcad79a000 	C:\WINDOWS\System32\powrprof.dll
0x00007ffcad700000 - 0x00007ffcad710000 	C:\WINDOWS\System32\UMPDC.dll
0x00007ffcaecb0000 - 0x00007ffcaed02000 	C:\WINDOWS\System32\shlwapi.dll
0x00007ffcad8d0000 - 0x00007ffcad8e7000 	C:\WINDOWS\System32\cryptsp.dll
0x00007ffc9fff0000 - 0x00007ffca0009000 	C:\Program Files\Java\jdk-14.0.1\bin\net.dll
0x00007ffca59a0000 - 0x00007ffca5a90000 	C:\WINDOWS\SYSTEM32\WINHTTP.dll
0x00007ffcacef0000 - 0x00007ffcacf57000 	C:\WINDOWS\system32\mswsock.dll
0x00007ffc9d470000 - 0x00007ffc9d482000 	C:\Program Files\Java\jdk-14.0.1\bin\nio.dll
0x00007ffc9fee0000 - 0x00007ffc9fef0000 	C:\Program Files\Java\jdk-14.0.1\bin\verify.dll
0x00007ffc9d3b0000 - 0x00007ffc9d3ca000 	D:\IntelliJ IDEA 2020.1.2\bin\breakgen64.dll

dbghelp: loaded successfully - version: 4.0.5 - missing functions: none
symbol engine: initialized successfully - sym options: 0x614 - pdb path: .;C:\Program Files\Java\jdk-14.0.1\bin;C:\WINDOWS\SYSTEM32;C:\WINDOWS\WinSxS\amd64_microsoft.windows.common-controls_6595b64144ccf1df_6.0.18362.836_none_e6c4b943130f18ed;C:\Program Files\Java\jdk-14.0.1\bin\server;D:\IntelliJ IDEA 2020.1.2\bin

VM Arguments:
jvm_args: -javaagent:D:\IntelliJ IDEA 2020.1.2\lib\idea_rt.jar=54848:D:\IntelliJ IDEA 2020.1.2\bin -Dfile.encoding=UTF-8 
java_command: cn.itcast.Servlet.AccountServlet
java_class_path (initial): E:\java¿ò¼Ü\spring¿ò¼Ü\spring_day02_ann_ioc\target\classes;D:\maven_repository\org\springframework\spring-context\5.3.0\spring-context-5.3.0.jar;D:\maven_repository\org\springframework\spring-aop\5.3.0\spring-aop-5.3.0.jar;D:\maven_repository\org\springframework\spring-beans\5.3.0\spring-beans-5.3.0.jar;D:\maven_repository\org\springframework\spring-core\5.3.0\spring-core-5.3.0.jar;D:\maven_repository\org\springframework\spring-jcl\5.3.0\spring-jcl-5.3.0.jar;D:\maven_repository\org\springframework\spring-expression\5.3.0\spring-expression-5.3.0.jar
Launcher Type: SUN_STANDARD

[Global flags]
     intx CICompilerCount                          = 4                                         {product} {ergonomic}
     uint ConcGCThreads                            = 2                                         {product} {ergonomic}
     uint G1ConcRefinementThreads                  = 8                                         {product} {ergonomic}
   size_t G1HeapRegionSize                         = 1048576                                   {product} {ergonomic}
    uintx GCDrainStackTargetSize                   = 64                                        {product} {ergonomic}
   size_t InitialHeapSize                          = 134217728                                 {product} {ergonomic}
   size_t MarkStackSize                            = 4194304                                   {product} {ergonomic}
   size_t MaxHeapSize                              = 2132803584                                {product} {ergonomic}
   size_t MaxNewSize                               = 1279262720                                {product} {ergonomic}
   size_t MinHeapDeltaBytes                        = 1048576                                   {product} {ergonomic}
   size_t MinHeapSize                              = 8388608                                   {product} {ergonomic}
    uintx NonNMethodCodeHeapSize                   = 5839372                                {pd product} {ergonomic}
    uintx NonProfiledCodeHeapSize                  = 122909434                              {pd product} {ergonomic}
    uintx ProfiledCodeHeapSize                     = 122909434                              {pd product} {ergonomic}
    uintx ReservedCodeCacheSize                    = 251658240                              {pd product} {ergonomic}
     bool SegmentedCodeCache                       = true                                      {product} {ergonomic}
   size_t SoftMaxHeapSize                          = 2132803584                             {manageable} {ergonomic}
     bool UseCompressedClassPointers               = true                                 {lp64_product} {ergonomic}
     bool UseCompressedOops                        = true                                 {lp64_product} {ergonomic}
     bool UseG1GC                                  = true                                      {product} {ergonomic}
     bool UseLargePagesIndividualAllocation        = false                                  {pd product} {ergonomic}

Logging:
Log output configuration:
 #0: stdout all=warning uptime,level,tags
 #1: stderr all=off uptime,level,tags

Environment Variables:
JAVA_HOME=C:\Program Files\Java\jdk-14.0.1
PATH=C:\Program Files\Common Files\Siemens\Automation\Simatic OAM\bin;C:\Program Files (x86)\NVIDIA Corporation\PhysX\Common;C:\Windows\system32;C:\Windows;C:\Windows\System32\Wbem;C:\Windows\System32\WindowsPowerShell\v1.0\;C:\Windows\System32\OpenSSH\;C:\Program Files\NVIDIA Corporation\NVIDIA NvDLISR;C:\WINDOWS\system32;C:\WINDOWS;C:\WINDOWS\System32\Wbem;C:\WINDOWS\System32\WindowsPowerShell\v1.0\;C:\WINDOWS\System32\OpenSSH\;C:\Program Files\Java\jdk-14.0.1\bin;D:\mysql\bin;D:\mysql-8.0.20-winx64\bin;D:\apache-maven-3.6.3\bin;C:\Users\Administrator.000\AppData\Local\Microsoft\WindowsApps;
USERNAME=Administrator
OS=Windows_NT
PROCESSOR_IDENTIFIER=Intel64 Family 6 Model 158 Stepping 9, GenuineIntel



---------------  S Y S T E M  ---------------

OS: Windows 10 , 64 bit Build 18362 (10.0.18362.778)
OS uptime: 0 days 12:38 hours

CPU:total 8 (initial active 8) (4 cores per cpu, 2 threads per core) family 6 model 158 stepping 9, cmov, cx8, fxsr, mmx, sse, sse2, sse3, ssse3, sse4.1, sse4.2, popcnt, avx, avx2, aes, clmul, erms, 3dnowpref, lzcnt, ht, tsc, tscinvbit, bmi1, bmi2, adx, fma

Memory: 4k page, system-wide physical 8133M (1776M free)
TotalPageFile size 12133M (AvailPageFile size 5M)
current process WorkingSet (physical memory assigned to process): 73M, peak: 73M
current process commit charge ("private bytes"): 229M, peak: 229M

vm_info: Java HotSpot(TM) 64-Bit Server VM (14.0.1+7) for windows-amd64 JRE (14.0.1+7), built on Mar  5 2020 10:30:14 by "mach5one" with MS VC++ 15.9 (VS2017)

END.
